Started fetching price data@2023-10-26T12:25:00.805Z
Fetched at 26/10/2023@2023-10-26T12:25:00.909Z
Added a row@2023-10-26T12:25:01.443Z
Added a row@2023-10-26T12:25:01.444Z
Added a row@2023-10-26T12:25:01.445Z
Added a row@2023-10-26T12:25:01.446Z
Added a row@2023-10-26T12:25:01.447Z
Added a row@2023-10-26T12:25:01.448Z
Added a row@2023-10-26T12:25:01.449Z
Added a row@2023-10-26T12:25:01.450Z
Added a row@2023-10-26T12:25:01.451Z
Added a row@2023-10-26T12:25:01.452Z
Added a row@2023-10-26T12:25:01.454Z
Added a row@2023-10-26T12:25:01.455Z
Added a row@2023-10-26T12:25:01.456Z
Added a row@2023-10-26T12:25:01.460Z
Added a row@2023-10-26T12:25:01.459Z
Added a row@2023-10-26T12:25:01.458Z
Added a row@2023-10-26T12:25:01.461Z
Added a row@2023-10-26T12:25:01.458Z
Added a row@2023-10-26T12:25:01.464Z
Added a row@2023-10-26T12:25:01.465Z
Added a row@2023-10-26T12:25:01.465Z
Added a row@2023-10-26T12:25:01.466Z
Added a row@2023-10-26T12:25:01.466Z
Added a row@2023-10-26T12:25:01.467Z
Added a row@2023-10-26T12:25:01.468Z
Added a row@2023-10-26T12:25:01.469Z
Added a row@2023-10-26T12:25:01.469Z
Added a row@2023-10-26T12:25:01.470Z
Added a row@2023-10-26T12:25:01.470Z
Added a row@2023-10-26T12:25:01.471Z
Added a row@2023-10-26T12:25:01.473Z
Added a row@2023-10-26T12:25:01.473Z
Added a row@2023-10-26T12:25:01.474Z
Added a row@2023-10-26T12:25:01.474Z
Added a row@2023-10-26T12:25:01.475Z
Added a row@2023-10-26T12:25:01.476Z
Added a row@2023-10-26T12:25:01.477Z
Added a row@2023-10-26T12:25:01.462Z
Added a row@2023-10-26T12:25:01.462Z
Added a row@2023-10-26T12:25:01.463Z
Added a row@2023-10-26T12:25:01.546Z
Added a row@2023-10-26T12:25:01.546Z
Added a row@2023-10-26T12:25:01.664Z
Added a row@2023-10-26T12:25:01.692Z
Added a row@2023-10-26T12:25:01.753Z
Added a row@2023-10-26T12:25:01.752Z
Added a row@2023-10-26T12:25:01.799Z
Added a row@2023-10-26T12:25:01.816Z
Next scheduled event: Data has been successfully retrieved earlier today@2023-10-26T12:35:00.911Z
Started fetching price data@2023-10-31T13:10:01.222Z
Fetched at 31/10/2023@2023-10-31T13:10:01.356Z
Added a row@2023-10-31T13:10:02.111Z
Added a row@2023-10-31T13:10:02.112Z
Added a row@2023-10-31T13:10:02.114Z
Added a row@2023-10-31T13:10:02.116Z
Added a row@2023-10-31T13:10:02.118Z
Added a row@2023-10-31T13:10:02.121Z
Added a row@2023-10-31T13:10:02.123Z
Added a row@2023-10-31T13:10:02.124Z
Added a row@2023-10-31T13:10:02.113Z
Added a row@2023-10-31T13:10:02.117Z
Added a row@2023-10-31T13:10:02.116Z
Added a row@2023-10-31T13:10:02.129Z
Added a row@2023-10-31T13:10:02.131Z
Added a row@2023-10-31T13:10:02.131Z
Added a row@2023-10-31T13:10:02.132Z
Added a row@2023-10-31T13:10:02.133Z
Added a row@2023-10-31T13:10:02.134Z
Added a row@2023-10-31T13:10:02.135Z
Added a row@2023-10-31T13:10:02.136Z
Added a row@2023-10-31T13:10:02.137Z
Added a row@2023-10-31T13:10:02.137Z
Added a row@2023-10-31T13:10:02.148Z
Added a row@2023-10-31T13:10:02.151Z
Added a row@2023-10-31T13:10:02.156Z
Added a row@2023-10-31T13:10:02.164Z
Added a row@2023-10-31T13:10:02.177Z
Added a row@2023-10-31T13:10:02.181Z
Added a row@2023-10-31T13:10:02.195Z
Added a row@2023-10-31T13:10:02.200Z
Added a row@2023-10-31T13:10:02.205Z
Added a row@2023-10-31T13:10:02.206Z
Added a row@2023-10-31T13:10:02.208Z
Added a row@2023-10-31T13:10:02.209Z
Added a row@2023-10-31T13:10:02.210Z
Added a row@2023-10-31T13:10:02.214Z
Added a row@2023-10-31T13:10:02.217Z
Added a row@2023-10-31T13:10:02.220Z
Added a row@2023-10-31T13:10:02.226Z
Added a row@2023-10-31T13:10:02.231Z
Added a row@2023-10-31T13:10:02.232Z
Added a row@2023-10-31T13:10:02.240Z
Added a row@2023-10-31T13:10:02.242Z
Added a row@2023-10-31T13:10:02.247Z
Added a row@2023-10-31T13:10:02.250Z
Added a row@2023-10-31T13:10:02.251Z
Added a row@2023-10-31T13:10:02.253Z
Added a row@2023-10-31T13:10:02.254Z
Added a row@2023-10-31T13:10:02.280Z
Started fetching price data@2023-10-31T13:20:00.512Z
Fetched at 31/10/2023@2023-10-31T13:20:00.583Z
Skipped an existing row@2023-10-31T13:20:01.115Z
Skipped an existing row@2023-10-31T13:20:01.116Z
Skipped an existing row@2023-10-31T13:20:01.118Z
Skipped an existing row@2023-10-31T13:20:01.119Z
Skipped an existing row@2023-10-31T13:20:01.170Z
Skipped an existing row@2023-10-31T13:20:01.172Z
Skipped an existing row@2023-10-31T13:20:01.173Z
Skipped an existing row@2023-10-31T13:20:01.174Z
Skipped an existing row@2023-10-31T13:20:01.176Z
Skipped an existing row@2023-10-31T13:20:01.177Z
Skipped an existing row@2023-10-31T13:20:01.178Z
Skipped an existing row@2023-10-31T13:20:01.179Z
Skipped an existing row@2023-10-31T13:20:01.180Z
Skipped an existing row@2023-10-31T13:20:01.218Z
Skipped an existing row@2023-10-31T13:20:01.281Z
Skipped an existing row@2023-10-31T13:20:01.334Z
Skipped an existing row@2023-10-31T13:20:01.377Z
Skipped an existing row@2023-10-31T13:20:01.412Z
Skipped an existing row@2023-10-31T13:20:01.420Z
Skipped an existing row@2023-10-31T13:20:01.431Z
Skipped an existing row@2023-10-31T13:20:01.438Z
Skipped an existing row@2023-10-31T13:20:01.463Z
Skipped an existing row@2023-10-31T13:20:01.465Z
Skipped an existing row@2023-10-31T13:20:01.465Z
Skipped an existing row@2023-10-31T13:20:01.466Z
Skipped an existing row@2023-10-31T13:20:01.467Z
Skipped an existing row@2023-10-31T13:20:01.468Z
Skipped an existing row@2023-10-31T13:20:01.469Z
Skipped an existing row@2023-10-31T13:20:01.471Z
Skipped an existing row@2023-10-31T13:20:01.471Z
Skipped an existing row@2023-10-31T13:20:01.473Z
Skipped an existing row@2023-10-31T13:20:01.475Z
Skipped an existing row@2023-10-31T13:20:01.478Z
Skipped an existing row@2023-10-31T13:20:01.489Z
Skipped an existing row@2023-10-31T13:20:01.490Z
Skipped an existing row@2023-10-31T13:20:01.492Z
Skipped an existing row@2023-10-31T13:20:01.493Z
Skipped an existing row@2023-10-31T13:20:01.499Z
Skipped an existing row@2023-10-31T13:20:01.501Z
Skipped an existing row@2023-10-31T13:20:01.502Z
Skipped an existing row@2023-10-31T13:20:01.578Z
Skipped an existing row@2023-10-31T13:20:01.582Z
Skipped an existing row@2023-10-31T13:20:01.585Z
Skipped an existing row@2023-10-31T13:20:01.600Z
Skipped an existing row@2023-10-31T13:20:01.614Z
Skipped an existing row@2023-10-31T13:20:01.615Z
Skipped an existing row@2023-10-31T13:20:01.616Z
Skipped an existing row@2023-10-31T13:20:01.620Z
Fetched at 31/10/2023@2023-10-31T13:25:00.804Z
Started fetching price data@2023-10-31T13:25:00.681Z
Skipped an existing row@2023-10-31T13:25:01.229Z
Skipped an existing row@2023-10-31T13:25:01.230Z
Skipped an existing row@2023-10-31T13:25:01.234Z
Skipped an existing row@2023-10-31T13:25:01.240Z
Skipped an existing row@2023-10-31T13:25:01.242Z
Skipped an existing row@2023-10-31T13:25:01.243Z
Skipped an existing row@2023-10-31T13:25:01.245Z
Skipped an existing row@2023-10-31T13:25:01.247Z
Skipped an existing row@2023-10-31T13:25:01.254Z
Skipped an existing row@2023-10-31T13:25:01.256Z
Skipped an existing row@2023-10-31T13:25:01.277Z
Skipped an existing row@2023-10-31T13:25:01.287Z
Skipped an existing row@2023-10-31T13:25:01.300Z
Skipped an existing row@2023-10-31T13:25:01.364Z
Skipped an existing row@2023-10-31T13:25:01.396Z
Skipped an existing row@2023-10-31T13:25:01.433Z
Skipped an existing row@2023-10-31T13:25:01.499Z
Skipped an existing row@2023-10-31T13:25:01.536Z
Skipped an existing row@2023-10-31T13:25:01.552Z
Skipped an existing row@2023-10-31T13:25:01.679Z
Skipped an existing row@2023-10-31T13:25:01.750Z
Skipped an existing row@2023-10-31T13:25:01.759Z
Skipped an existing row@2023-10-31T13:25:01.789Z
Skipped an existing row@2023-10-31T13:25:01.820Z
Skipped an existing row@2023-10-31T13:25:01.827Z
Skipped an existing row@2023-10-31T13:25:01.831Z
Skipped an existing row@2023-10-31T13:25:01.835Z
Skipped an existing row@2023-10-31T13:25:01.846Z
Skipped an existing row@2023-10-31T13:25:01.858Z
Skipped an existing row@2023-10-31T13:25:01.876Z
Skipped an existing row@2023-10-31T13:25:01.878Z
Skipped an existing row@2023-10-31T13:25:01.881Z
Skipped an existing row@2023-10-31T13:25:01.882Z
Skipped an existing row@2023-10-31T13:25:01.883Z
Skipped an existing row@2023-10-31T13:25:01.885Z
Skipped an existing row@2023-10-31T13:25:01.898Z
Skipped an existing row@2023-10-31T13:25:01.911Z
Skipped an existing row@2023-10-31T13:25:01.962Z
Skipped an existing row@2023-10-31T13:25:01.965Z
Skipped an existing row@2023-10-31T13:25:02.062Z
Skipped an existing row@2023-10-31T13:25:02.075Z
Skipped an existing row@2023-10-31T13:25:02.084Z
Skipped an existing row@2023-10-31T13:25:02.087Z
Skipped an existing row@2023-10-31T13:25:02.089Z
Skipped an existing row@2023-10-31T13:25:02.091Z
Skipped an existing row@2023-10-31T13:25:02.099Z
Skipped an existing row@2023-10-31T13:25:02.100Z
Skipped an existing row@2023-10-31T13:25:02.108Z
Next scheduled event: Data has been successfully retrieved earlier today@2023-10-31T13:30:00.984Z
Started fetching price data@2023-10-31T13:35:00.847Z
Fetched at 31/10/2023@2023-10-31T13:35:00.955Z
Skipped an existing row@2023-10-31T13:35:01.522Z
Skipped an existing row@2023-10-31T13:35:01.523Z
Skipped an existing row@2023-10-31T13:35:01.524Z
Skipped an existing row@2023-10-31T13:35:01.525Z
Skipped an existing row@2023-10-31T13:35:01.526Z
Skipped an existing row@2023-10-31T13:35:01.527Z
Skipped an existing row@2023-10-31T13:35:01.528Z
Skipped an existing row@2023-10-31T13:35:01.529Z
Skipped an existing row@2023-10-31T13:35:01.530Z
Skipped an existing row@2023-10-31T13:35:01.534Z
Skipped an existing row@2023-10-31T13:35:01.535Z
Skipped an existing row@2023-10-31T13:35:01.536Z
Skipped an existing row@2023-10-31T13:35:01.536Z
Skipped an existing row@2023-10-31T13:35:01.537Z
Skipped an existing row@2023-10-31T13:35:01.534Z
Skipped an existing row@2023-10-31T13:35:01.531Z
Skipped an existing row@2023-10-31T13:35:01.538Z
Skipped an existing row@2023-10-31T13:35:01.538Z
Skipped an existing row@2023-10-31T13:35:01.539Z
Skipped an existing row@2023-10-31T13:35:01.539Z
Skipped an existing row@2023-10-31T13:35:01.540Z
Skipped an existing row@2023-10-31T13:35:01.541Z
Skipped an existing row@2023-10-31T13:35:01.541Z
Skipped an existing row@2023-10-31T13:35:01.542Z
Skipped an existing row@2023-10-31T13:35:01.532Z
Skipped an existing row@2023-10-31T13:35:01.542Z
Skipped an existing row@2023-10-31T13:35:01.543Z
Skipped an existing row@2023-10-31T13:35:01.544Z
Skipped an existing row@2023-10-31T13:35:01.544Z
Skipped an existing row@2023-10-31T13:35:01.533Z
Skipped an existing row@2023-10-31T13:35:01.545Z
Skipped an existing row@2023-10-31T13:35:01.546Z
Skipped an existing row@2023-10-31T13:35:01.547Z
Skipped an existing row@2023-10-31T13:35:01.547Z
Skipped an existing row@2023-10-31T13:35:01.546Z
Skipped an existing row@2023-10-31T13:35:01.548Z
Skipped an existing row@2023-10-31T13:35:01.537Z
Skipped an existing row@2023-10-31T13:35:01.549Z
Skipped an existing row@2023-10-31T13:35:01.548Z
Skipped an existing row@2023-10-31T13:35:01.598Z
Skipped an existing row@2023-10-31T13:35:01.613Z
Skipped an existing row@2023-10-31T13:35:01.629Z
Skipped an existing row@2023-10-31T13:35:01.667Z
Skipped an existing row@2023-10-31T13:35:01.682Z
Skipped an existing row@2023-10-31T13:35:01.691Z
Skipped an existing row@2023-10-31T13:35:01.720Z
Skipped an existing row@2023-10-31T13:35:01.768Z
Skipped an existing row@2023-10-31T13:35:01.773Z
Next scheduled event: Data has been successfully retrieved earlier today@2023-10-31T13:40:00.025Z
Next scheduled event: Data has been successfully retrieved earlier today@2023-10-31T13:45:00.542Z
Next scheduled event: Data has been successfully retrieved earlier today@2023-10-31T13:50:00.945Z
Next scheduled event: Data has been successfully retrieved earlier today@2023-10-31T13:55:00.165Z
Started fetching price data@2023-11-02T13:15:00.905Z
Fetched at 02/11/2023@2023-11-02T13:15:01.092Z
Added a row@2023-11-02T13:15:01.714Z
Added a row@2023-11-02T13:15:01.715Z
Added a row@2023-11-02T13:15:01.716Z
Added a row@2023-11-02T13:15:01.719Z
Added a row@2023-11-02T13:15:01.720Z
Added a row@2023-11-02T13:15:01.720Z
Added a row@2023-11-02T13:15:01.722Z
Added a row@2023-11-02T13:15:01.723Z
Added a row@2023-11-02T13:15:01.724Z
Added a row@2023-11-02T13:15:01.726Z
Added a row@2023-11-02T13:15:01.727Z
Added a row@2023-11-02T13:15:01.730Z
Added a row@2023-11-02T13:15:01.734Z
Added a row@2023-11-02T13:15:01.808Z
Added a row@2023-11-02T13:15:01.809Z
Added a row@2023-11-02T13:15:01.810Z
Added a row@2023-11-02T13:15:01.812Z
Added a row@2023-11-02T13:15:01.813Z
Added a row@2023-11-02T13:15:01.814Z
Added a row@2023-11-02T13:15:01.814Z
Added a row@2023-11-02T13:15:01.815Z
Added a row@2023-11-02T13:15:01.816Z
Added a row@2023-11-02T13:15:01.816Z
Added a row@2023-11-02T13:15:01.817Z
Added a row@2023-11-02T13:15:01.818Z
Added a row@2023-11-02T13:15:01.818Z
Added a row@2023-11-02T13:15:01.819Z
Added a row@2023-11-02T13:15:01.820Z
Added a row@2023-11-02T13:15:01.820Z
Added a row@2023-11-02T13:15:01.821Z
Added a row@2023-11-02T13:15:01.822Z
Added a row@2023-11-02T13:15:01.822Z
Added a row@2023-11-02T13:15:01.823Z
Added a row@2023-11-02T13:15:01.826Z
Added a row@2023-11-02T13:15:01.827Z
Added a row@2023-11-02T13:15:01.828Z
Added a row@2023-11-02T13:15:01.829Z
Added a row@2023-11-02T13:15:01.830Z
Added a row@2023-11-02T13:15:01.831Z
Added a row@2023-11-02T13:15:01.831Z
Added a row@2023-11-02T13:15:01.979Z
Added a row@2023-11-02T13:15:02.042Z
Added a row@2023-11-02T13:15:02.061Z
Added a row@2023-11-02T13:15:02.068Z
Added a row@2023-11-02T13:15:02.088Z
Added a row@2023-11-02T13:15:02.189Z
Added a row@2023-11-02T13:15:02.219Z
Added a row@2023-11-02T13:15:02.288Z
Next scheduled event: Data has been successfully retrieved earlier today@2023-11-02T13:20:00.264Z
Started fetching price data@2023-11-02T13:40:00.960Z
Fetched at 02/11/2023@2023-11-02T13:40:00.990Z
Skipped an existing row@2023-11-02T13:40:01.333Z
Skipped an existing row@2023-11-02T13:40:01.334Z
Skipped an existing row@2023-11-02T13:40:01.335Z
Skipped an existing row@2023-11-02T13:40:01.337Z
Skipped an existing row@2023-11-02T13:40:01.341Z
Skipped an existing row@2023-11-02T13:40:01.343Z
Skipped an existing row@2023-11-02T13:40:01.346Z
Skipped an existing row@2023-11-02T13:40:01.349Z
Skipped an existing row@2023-11-02T13:40:01.350Z
Skipped an existing row@2023-11-02T13:40:01.351Z
Skipped an existing row@2023-11-02T13:40:01.355Z
Skipped an existing row@2023-11-02T13:40:01.357Z
Skipped an existing row@2023-11-02T13:40:01.358Z
Skipped an existing row@2023-11-02T13:40:01.359Z
Skipped an existing row@2023-11-02T13:40:01.360Z
Skipped an existing row@2023-11-02T13:40:01.361Z
Skipped an existing row@2023-11-02T13:40:01.364Z
Skipped an existing row@2023-11-02T13:40:01.381Z
Skipped an existing row@2023-11-02T13:40:01.413Z
Skipped an existing row@2023-11-02T13:40:01.466Z
Skipped an existing row@2023-11-02T13:40:01.516Z
Skipped an existing row@2023-11-02T13:40:01.584Z
Skipped an existing row@2023-11-02T13:40:01.602Z
Skipped an existing row@2023-11-02T13:40:01.650Z
Skipped an existing row@2023-11-02T13:40:01.700Z
Skipped an existing row@2023-11-02T13:40:01.743Z
Skipped an existing row@2023-11-02T13:40:01.781Z
Skipped an existing row@2023-11-02T13:40:01.787Z
Skipped an existing row@2023-11-02T13:40:01.799Z
Skipped an existing row@2023-11-02T13:40:01.826Z
Skipped an existing row@2023-11-02T13:40:01.828Z
Skipped an existing row@2023-11-02T13:40:01.829Z
Skipped an existing row@2023-11-02T13:40:01.830Z
Skipped an existing row@2023-11-02T13:40:01.831Z
Skipped an existing row@2023-11-02T13:40:01.832Z
Skipped an existing row@2023-11-02T13:40:01.833Z
Skipped an existing row@2023-11-02T13:40:01.834Z
Skipped an existing row@2023-11-02T13:40:01.848Z
Skipped an existing row@2023-11-02T13:40:01.850Z
Skipped an existing row@2023-11-02T13:40:01.913Z
Skipped an existing row@2023-11-02T13:40:01.946Z
Skipped an existing row@2023-11-02T13:40:01.948Z
Skipped an existing row@2023-11-02T13:40:01.954Z
Skipped an existing row@2023-11-02T13:40:01.955Z
Skipped an existing row@2023-11-02T13:40:01.956Z
Skipped an existing row@2023-11-02T13:40:01.957Z
Skipped an existing row@2023-11-02T13:40:01.960Z
Skipped an existing row@2023-11-02T13:40:01.987Z
Started fetching price data@2023-11-02T13:45:00.700Z
Fetched at 02/11/2023@2023-11-02T13:45:00.774Z
Skipped an existing row@2023-11-02T13:45:01.354Z
Skipped an existing row@2023-11-02T13:45:01.355Z
Skipped an existing row@2023-11-02T13:45:01.357Z
Skipped an existing row@2023-11-02T13:45:01.359Z
Skipped an existing row@2023-11-02T13:45:01.360Z
Skipped an existing row@2023-11-02T13:45:01.361Z
Skipped an existing row@2023-11-02T13:45:01.362Z
Skipped an existing row@2023-11-02T13:45:01.364Z
Skipped an existing row@2023-11-02T13:45:01.364Z
Skipped an existing row@2023-11-02T13:45:01.366Z
Skipped an existing row@2023-11-02T13:45:01.367Z
Skipped an existing row@2023-11-02T13:45:01.368Z
Skipped an existing row@2023-11-02T13:45:01.368Z
Skipped an existing row@2023-11-02T13:45:01.369Z
Skipped an existing row@2023-11-02T13:45:01.370Z
Skipped an existing row@2023-11-02T13:45:01.409Z
Skipped an existing row@2023-11-02T13:45:01.432Z
Skipped an existing row@2023-11-02T13:45:01.484Z
Skipped an existing row@2023-11-02T13:45:01.501Z
Skipped an existing row@2023-11-02T13:45:01.585Z
Skipped an existing row@2023-11-02T13:45:01.669Z
Skipped an existing row@2023-11-02T13:45:01.702Z
Skipped an existing row@2023-11-02T13:45:01.733Z
Skipped an existing row@2023-11-02T13:45:01.736Z
Skipped an existing row@2023-11-02T13:45:01.743Z
Skipped an existing row@2023-11-02T13:45:01.787Z
Skipped an existing row@2023-11-02T13:45:01.796Z
Skipped an existing row@2023-11-02T13:45:01.810Z
Skipped an existing row@2023-11-02T13:45:01.843Z
Skipped an existing row@2023-11-02T13:45:01.867Z
Skipped an existing row@2023-11-02T13:45:01.870Z
Skipped an existing row@2023-11-02T13:45:01.890Z
Skipped an existing row@2023-11-02T13:45:01.892Z
Skipped an existing row@2023-11-02T13:45:01.923Z
Skipped an existing row@2023-11-02T13:45:01.934Z
Skipped an existing row@2023-11-02T13:45:01.936Z
Skipped an existing row@2023-11-02T13:45:01.939Z
Skipped an existing row@2023-11-02T13:45:01.952Z
Skipped an existing row@2023-11-02T13:45:01.963Z
Skipped an existing row@2023-11-02T13:45:02.025Z
Skipped an existing row@2023-11-02T13:45:02.031Z
Skipped an existing row@2023-11-02T13:45:02.033Z
Skipped an existing row@2023-11-02T13:45:02.034Z
Skipped an existing row@2023-11-02T13:45:02.036Z
Skipped an existing row@2023-11-02T13:45:02.059Z
Skipped an existing row@2023-11-02T13:45:02.065Z
Skipped an existing row@2023-11-02T13:45:02.070Z
Skipped an existing row@2023-11-02T13:45:02.076Z
Next scheduled event: Data has been successfully retrieved earlier today@2023-11-02T13:50:00.680Z
Started fetching price data@2023-11-02T13:55:00.709Z
Fetched at 02/11/2023@2023-11-02T13:55:00.779Z
Skipped an existing row@2023-11-02T13:55:01.303Z
Skipped an existing row@2023-11-02T13:55:01.305Z
Skipped an existing row@2023-11-02T13:55:01.306Z
Skipped an existing row@2023-11-02T13:55:01.308Z
Skipped an existing row@2023-11-02T13:55:01.309Z
Skipped an existing row@2023-11-02T13:55:01.311Z
Skipped an existing row@2023-11-02T13:55:01.312Z
Skipped an existing row@2023-11-02T13:55:01.313Z
Skipped an existing row@2023-11-02T13:55:01.314Z
Skipped an existing row@2023-11-02T13:55:01.316Z
Skipped an existing row@2023-11-02T13:55:01.317Z
Skipped an existing row@2023-11-02T13:55:01.318Z
Skipped an existing row@2023-11-02T13:55:01.319Z
Skipped an existing row@2023-11-02T13:55:01.307Z
Skipped an existing row@2023-11-02T13:55:01.320Z
Skipped an existing row@2023-11-02T13:55:01.321Z
Skipped an existing row@2023-11-02T13:55:01.321Z
Skipped an existing row@2023-11-02T13:55:01.322Z
Skipped an existing row@2023-11-02T13:55:01.323Z
Skipped an existing row@2023-11-02T13:55:01.322Z
Skipped an existing row@2023-11-02T13:55:01.324Z
Skipped an existing row@2023-11-02T13:55:01.324Z
Skipped an existing row@2023-11-02T13:55:01.325Z
Skipped an existing row@2023-11-02T13:55:01.326Z
Skipped an existing row@2023-11-02T13:55:01.327Z
Skipped an existing row@2023-11-02T13:55:01.327Z
Skipped an existing row@2023-11-02T13:55:01.326Z
Skipped an existing row@2023-11-02T13:55:01.328Z
Skipped an existing row@2023-11-02T13:55:01.330Z
Skipped an existing row@2023-11-02T13:55:01.331Z
Skipped an existing row@2023-11-02T13:55:01.331Z
Skipped an existing row@2023-11-02T13:55:01.332Z
Skipped an existing row@2023-11-02T13:55:01.333Z
Skipped an existing row@2023-11-02T13:55:01.329Z
Skipped an existing row@2023-11-02T13:55:01.333Z
Skipped an existing row@2023-11-02T13:55:01.328Z
Skipped an existing row@2023-11-02T13:55:01.325Z
Skipped an existing row@2023-11-02T13:55:01.329Z
Skipped an existing row@2023-11-02T13:55:01.334Z
Skipped an existing row@2023-11-02T13:55:01.361Z
Skipped an existing row@2023-11-02T13:55:01.441Z
Skipped an existing row@2023-11-02T13:55:01.512Z
Skipped an existing row@2023-11-02T13:55:01.535Z
Skipped an existing row@2023-11-02T13:55:01.547Z
Skipped an existing row@2023-11-02T13:55:01.557Z
Skipped an existing row@2023-11-02T13:55:01.580Z
Skipped an existing row@2023-11-02T13:55:01.592Z
Skipped an existing row@2023-11-02T13:55:01.594Z
Started fetching price data@2024-10-17T19:14:00.372Z
Fetched at 10/17/2024@2024-10-17T19:14:00.388Z
Started fetching price data@2024-10-17T19:23:00.737Z
Fetched at 10/17/2024@2024-10-17T19:23:00.749Z
Started fetching price data@2024-10-17T19:34:00.653Z
Fetched at 10/17/2024@2024-10-17T19:34:00.673Z
Started fetching price data@2024-10-17T19:36:00.109Z
Fetched at 10/17/2024@2024-10-17T19:36:00.124Z
Added a row@2024-10-17T19:36:00.645Z
Added a row@2024-10-17T19:36:00.646Z
Added a row@2024-10-17T19:36:00.646Z
Added a row@2024-10-17T19:36:00.649Z
Added a row@2024-10-17T19:36:00.654Z
Added a row@2024-10-17T19:36:00.657Z
Added a row@2024-10-17T19:36:00.657Z
Added a row@2024-10-17T19:36:00.658Z
Added a row@2024-10-17T19:36:00.661Z
Added a row@2024-10-17T19:36:00.663Z
Added a row@2024-10-17T19:36:00.663Z
Added a row@2024-10-17T19:36:00.666Z
Added a row@2024-10-17T19:36:00.666Z
Added a row@2024-10-17T19:36:00.667Z
Added a row@2024-10-17T19:36:00.667Z
Added a row@2024-10-17T19:36:00.668Z
Added a row@2024-10-17T19:36:00.668Z
Added a row@2024-10-17T19:36:00.668Z
Added a row@2024-10-17T19:36:00.669Z
Added a row@2024-10-17T19:36:00.675Z
Added a row@2024-10-17T19:36:00.678Z
Added a row@2024-10-17T19:36:00.678Z
Added a row@2024-10-17T19:36:00.678Z
Added a row@2024-10-17T19:36:00.679Z
Added a row@2024-10-17T19:36:00.679Z
Added a row@2024-10-17T19:36:00.680Z
Added a row@2024-10-17T19:36:00.678Z
Added a row@2024-10-17T19:36:00.679Z
Added a row@2024-10-17T19:36:00.679Z
Added a row@2024-10-17T19:36:00.682Z
Added a row@2024-10-17T19:36:00.683Z
Added a row@2024-10-17T19:36:00.684Z
Added a row@2024-10-17T19:36:00.684Z
Added a row@2024-10-17T19:36:00.684Z
Added a row@2024-10-17T19:36:00.684Z
Added a row@2024-10-17T19:36:00.685Z
Added a row@2024-10-17T19:36:00.685Z
Added a row@2024-10-17T19:36:00.685Z
Added a row@2024-10-17T19:36:00.685Z
Added a row@2024-10-17T19:36:00.686Z
Added a row@2024-10-17T19:36:00.687Z
Added a row@2024-10-17T19:36:00.688Z
Added a row@2024-10-17T19:36:00.688Z
Added a row@2024-10-17T19:36:00.688Z
Added a row@2024-10-17T19:36:00.689Z
Added a row@2024-10-17T19:36:00.689Z
Added a row@2024-10-17T19:36:00.689Z
Added a row@2024-10-17T19:36:00.689Z
Started fetching price data@2024-10-17T19:37:00.564Z
Fetched at 10/17/2024@2024-10-17T19:37:00.566Z
Added a row@2024-10-17T19:37:00.962Z
Added a row@2024-10-17T19:37:00.965Z
Added a row@2024-10-17T19:37:00.967Z
Added a row@2024-10-17T19:37:00.972Z
Added a row@2024-10-17T19:37:00.981Z
Added a row@2024-10-17T19:37:00.986Z
Added a row@2024-10-17T19:37:00.990Z
Added a row@2024-10-17T19:37:01.000Z
Added a row@2024-10-17T19:37:01.004Z
Added a row@2024-10-17T19:37:01.009Z
Added a row@2024-10-17T19:37:01.021Z
Added a row@2024-10-17T19:37:01.022Z
Added a row@2024-10-17T19:37:01.024Z
Added a row@2024-10-17T19:37:01.025Z
Added a row@2024-10-17T19:37:01.027Z
Added a row@2024-10-17T19:37:01.028Z
Added a row@2024-10-17T19:37:01.029Z
Added a row@2024-10-17T19:37:01.030Z
Added a row@2024-10-17T19:37:01.031Z
Added a row@2024-10-17T19:37:01.032Z
Added a row@2024-10-17T19:37:01.033Z
Added a row@2024-10-17T19:37:01.033Z
Added a row@2024-10-17T19:37:01.034Z
Added a row@2024-10-17T19:37:01.034Z
Added a row@2024-10-17T19:37:01.034Z
Added a row@2024-10-17T19:37:01.036Z
Added a row@2024-10-17T19:37:01.039Z
Added a row@2024-10-17T19:37:01.039Z
Added a row@2024-10-17T19:37:01.040Z
Added a row@2024-10-17T19:37:01.041Z
Added a row@2024-10-17T19:37:01.041Z
Added a row@2024-10-17T19:37:01.043Z
Added a row@2024-10-17T19:37:01.043Z
Added a row@2024-10-17T19:37:01.043Z
Added a row@2024-10-17T19:37:01.043Z
Added a row@2024-10-17T19:37:01.044Z
Added a row@2024-10-17T19:37:01.046Z
Added a row@2024-10-17T19:37:01.047Z
Added a row@2024-10-17T19:37:01.048Z
Added a row@2024-10-17T19:37:01.048Z
Added a row@2024-10-17T19:37:01.049Z
Added a row@2024-10-17T19:37:01.048Z
Added a row@2024-10-17T19:37:01.048Z
Added a row@2024-10-17T19:37:01.048Z
Added a row@2024-10-17T19:37:01.050Z
Added a row@2024-10-17T19:37:01.050Z
Added a row@2024-10-17T19:37:01.051Z
Added a row@2024-10-17T19:37:01.052Z
Next scheduled event: Data has been successfully retrieved earlier today@2024-10-17T19:38:00.634Z
Started fetching price data@2024-10-17T19:44:00.712Z
Fetched at 10/17/2024@2024-10-17T19:44:00.724Z
Added a row@2024-10-17T19:44:01.166Z
Added a row@2024-10-17T19:44:01.173Z
Added a row@2024-10-17T19:44:01.177Z
Added a row@2024-10-17T19:44:01.183Z
Added a row@2024-10-17T19:44:01.186Z
Added a row@2024-10-17T19:44:01.187Z
Added a row@2024-10-17T19:44:01.187Z
Added a row@2024-10-17T19:44:01.187Z
Added a row@2024-10-17T19:44:01.189Z
Added a row@2024-10-17T19:44:01.189Z
Added a row@2024-10-17T19:44:01.189Z
Added a row@2024-10-17T19:44:01.189Z
Added a row@2024-10-17T19:44:01.193Z
Added a row@2024-10-17T19:44:01.196Z
Added a row@2024-10-17T19:44:01.197Z
Added a row@2024-10-17T19:44:01.197Z
Added a row@2024-10-17T19:44:01.198Z
Added a row@2024-10-17T19:44:01.199Z
Added a row@2024-10-17T19:44:01.199Z
Added a row@2024-10-17T19:44:01.200Z
Added a row@2024-10-17T19:44:01.203Z
Added a row@2024-10-17T19:44:01.204Z
Added a row@2024-10-17T19:44:01.205Z
Added a row@2024-10-17T19:44:01.205Z
Added a row@2024-10-17T19:44:01.206Z
Added a row@2024-10-17T19:44:01.206Z
Added a row@2024-10-17T19:44:01.206Z
Added a row@2024-10-17T19:44:01.206Z
Added a row@2024-10-17T19:44:01.207Z
Added a row@2024-10-17T19:44:01.207Z
Added a row@2024-10-17T19:44:01.208Z
Added a row@2024-10-17T19:44:01.210Z
Added a row@2024-10-17T19:44:01.213Z
Added a row@2024-10-17T19:44:01.213Z
Added a row@2024-10-17T19:44:01.214Z
Added a row@2024-10-17T19:44:01.214Z
Added a row@2024-10-17T19:44:01.214Z
Added a row@2024-10-17T19:44:01.215Z
Added a row@2024-10-17T19:44:01.218Z
Added a row@2024-10-17T19:44:01.218Z
Added a row@2024-10-17T19:44:01.219Z
Added a row@2024-10-17T19:44:01.219Z
Added a row@2024-10-17T19:44:01.219Z
Added a row@2024-10-17T19:44:01.219Z
Added a row@2024-10-17T19:44:01.219Z
Added a row@2024-10-17T19:44:01.220Z
Added a row@2024-10-17T19:44:01.219Z
Added a row@2024-10-17T19:44:01.220Z
Next scheduled event: Data has been successfully retrieved earlier today@2024-10-17T19:45:00.800Z
Next scheduled event: Data has been successfully retrieved earlier today@2024-10-17T19:46:00.872Z
Next scheduled event: Data has been successfully retrieved earlier today@2024-10-17T19:47:00.949Z
Next scheduled event: Data has been successfully retrieved earlier today@2024-10-17T19:48:00.031Z
Next scheduled event: Data has been successfully retrieved earlier today@2024-10-17T19:49:00.104Z
Next scheduled event: Data has been successfully retrieved earlier today@2024-10-17T19:50:00.186Z
Next scheduled event: Data has been successfully retrieved earlier today@2024-10-17T19:51:00.278Z
Started fetching price data@2024-10-17T19:53:00.094Z
Fetched at 10/17/2024@2024-10-17T19:53:00.103Z
Added a row@2024-10-17T19:53:00.609Z
Added a row@2024-10-17T19:53:00.610Z
Added a row@2024-10-17T19:53:00.611Z
Added a row@2024-10-17T19:53:00.612Z
Added a row@2024-10-17T19:53:00.613Z
Added a row@2024-10-17T19:53:00.613Z
Added a row@2024-10-17T19:53:00.614Z
Added a row@2024-10-17T19:53:00.615Z
Added a row@2024-10-17T19:53:00.616Z
Added a row@2024-10-17T19:53:00.616Z
Added a row@2024-10-17T19:53:00.617Z
Added a row@2024-10-17T19:53:00.620Z
Added a row@2024-10-17T19:53:00.621Z
Added a row@2024-10-17T19:53:00.621Z
Added a row@2024-10-17T19:53:00.622Z
Added a row@2024-10-17T19:53:00.623Z
Added a row@2024-10-17T19:53:00.623Z
Added a row@2024-10-17T19:53:00.624Z
Added a row@2024-10-17T19:53:00.626Z
Added a row@2024-10-17T19:53:00.627Z
Added a row@2024-10-17T19:53:00.627Z
Added a row@2024-10-17T19:53:00.627Z
Added a row@2024-10-17T19:53:00.627Z
Added a row@2024-10-17T19:53:00.627Z
Added a row@2024-10-17T19:53:00.628Z
Added a row@2024-10-17T19:53:00.628Z
Added a row@2024-10-17T19:53:00.629Z
Added a row@2024-10-17T19:53:00.630Z
Added a row@2024-10-17T19:53:00.630Z
Added a row@2024-10-17T19:53:00.632Z
Added a row@2024-10-17T19:53:00.632Z
Added a row@2024-10-17T19:53:00.634Z
Added a row@2024-10-17T19:53:00.635Z
Added a row@2024-10-17T19:53:00.635Z
Added a row@2024-10-17T19:53:00.634Z
Added a row@2024-10-17T19:53:00.634Z
Added a row@2024-10-17T19:53:00.634Z
Added a row@2024-10-17T19:53:00.635Z
Added a row@2024-10-17T19:53:00.635Z
Added a row@2024-10-17T19:53:00.636Z
Added a row@2024-10-17T19:53:00.636Z
Added a row@2024-10-17T19:53:00.637Z
Added a row@2024-10-17T19:53:00.638Z
Added a row@2024-10-17T19:53:00.638Z
Added a row@2024-10-17T19:53:00.638Z
Added a row@2024-10-17T19:53:00.639Z
Added a row@2024-10-17T19:53:00.639Z
Added a row@2024-10-17T19:53:00.639Z
